<?xml version="1.0" encoding="UTF-8"?>
<!-- Generated by org.testng.reporters.JUnitReportReporter -->
<testsuite hostname="FFE-Subham-Vishwakarma" failures="0" tests="1" name="com.ninza.hrm.api.projecttest.AddEmployeeWithoutEmail" time="4.148" errors="0" timestamp="2024-07-03T12:17:43 IST" skipped="0">
  <testcase classname="com.ninza.hrm.api.projecttest.AddEmployeeWithoutEmail" name="addEmployeeTest" time="4.148"/>
  <system-out/>
</testsuite> <!-- com.ninza.hrm.api.projecttest.AddEmployeeWithoutEmail -->
